<?xml version="1.0" encoding="UTF-8" ?>
<testsuite tests="5" failures="0" name="CollectionsToolsTest" time="0.029" errors="0" skipped="0">
  <properties>
[...]
</properties>
  <testcase classname="CollectionsToolsTest" name="getAveragePopulaiton_IsAverageCorrect_True" time="0.006"/>
  <testcase classname="CollectionsToolsTest" name="getMaxPopulation_IsMaxCorrect_True" time="0.001"/>
  <testcase classname="CollectionsToolsTest" name="getVillageWithFilter_IsFilterCorrect_True" time="0.005"/>
  <testcase classname="CollectionsToolsTest" name="getCityPopulationSum_IsSumCorrect_True" time="0.002"/>
  <testcase classname="CollectionsToolsTest" name="getMostFrequentTitleNames_TwoMostFrequentTitles_True" time="0.015"/>
</testsuite>