<?xml version="1.0" encoding="UTF-8"?>
<testsuite xmlns:xsi="http://www.w3.org/2001/XMLSchema-instance" xsi:noNamespaceSchemaLocation="https://maven.apache.org/surefire/maven-failsafe-plugin/xsd/failsafe-test-report-3.0.xsd" version="3.0" name="ATUIT" time="0.897" tests="3" errors="0" skipped="0" failures="0">
  <properties>
[...]
</properties>
  <testcase name="getMostFrequentTitleNames_whenRegionIsValid_True" classname="ATUIT" time="0.828"/>
  <testcase name="Input_IncorrectInput_ExceptionThrown" classname="ATUIT" time="0.003"/>
  <testcase name="getCityPopulationSum_whenVillageIsValid_True" classname="ATUIT" time="0.008"/>
</testsuite>